<?xml version="1.0" encoding="UTF-8"?>
<testsuite name="br.com.codenation.StatisticUtilSubmitTest" tests="21" skipped="0" failures="0" errors="0" timestamp="2020-02-22T16:30:32" hostname="DESKTOP-CNA0VQK" time="0.034">
  <properties/>
  <testcase name="testModeWithOnly1Number" classname="br.com.codenation.StatisticUtilSubmitTest" time="0.011"/>
  <testcase name="testMedianWithOddUnorderedArray" classname="br.com.codenation.StatisticUtilSubmitTest" time="0.005"/>
  <testcase name="testMedianWithEvenArrayUnOrderedAndNegativeNumbers" classname="br.com.codenation.StatisticUtilSubmitTest" time="0.001"/>
  <testcase name="testAverage1Element" classname="br.com.codenation.StatisticUtilSubmitTest" time="0.005"/>
  <testcase name="testMode" classname="br.com.codenation.StatisticUtilSubmitTest" time="0.0"/>
  <testcase name="testAverage" classname="br.com.codenation.StatisticUtilSubmitTest" time="0.0"/>
  <testcase name="testModeWithModeInArrayMiddle" classname="br.com.codenation.StatisticUtilSubmitTest" time="0.001"/>
  <testcase name="testAverageUnorderedArray" classname="br.com.codenation.StatisticUtilSubmitTest" time="0.0"/>
  <testcase name="testMedianWithOddUnorderedNegativeArray" classname="br.com.codenation.StatisticUtilSubmitTest" time="0.0"/>
  <testcase name="testModeWithNegativeMode" classname="br.com.codenation.StatisticUtilSubmitTest" time="0.0"/>
  <testcase name="testAverageWithNegativeNumbers" classname="br.com.codenation.StatisticUtilSubmitTest" time="0.0"/>
  <testcase name="testMedianWithEvenArrayUnOrderedAndNegativeAndPositiveNumbers" classname="br.com.codenation.StatisticUtilSubmitTest" time="0.0"/>
  <testcase name="testAverage2Elements" classname="br.com.codenation.StatisticUtilSubmitTest" time="0.0"/>
  <testcase name="testModeWithModeInArrayEnd" classname="br.com.codenation.StatisticUtilSubmitTest" time="0.001"/>
  <testcase name="testMedianWithOddArray" classname="br.com.codenation.StatisticUtilSubmitTest" time="0.0"/>
  <testcase name="testMedianWithEvenArray" classname="br.com.codenation.StatisticUtilSubmitTest" time="0.0"/>
  <testcase name="testMedianWithOddArrayUnOrderedAndNegativeAndPositiveNumbers" classname="br.com.codenation.StatisticUtilSubmitTest" time="0.0"/>
  <testcase name="testAverageWithNegativeAndPositiveNumbers" classname="br.com.codenation.StatisticUtilSubmitTest" time="0.0"/>
  <testcase name="testMedianWithEvenArrayUnOrdered" classname="br.com.codenation.StatisticUtilSubmitTest" time="0.0"/>
  <testcase name="testModeWithModeInArrayBegin" classname="br.com.codenation.StatisticUtilSubmitTest" time="0.0"/>
  <testcase name="testAverage2000Elements" classname="br.com.codenation.StatisticUtilSubmitTest" time="0.002"/>
  <system-out><![CDATA[3
-3
10
3
494
-3
-15
0
10
3
3
0
1
3
10000
]]></system-out>
  <system-err><![CDATA[]]></system-err>
</testsuite>
